2025-10-05 17:11:08 0 [Note] Starting MariaDB 10.5.19-MariaDB source revision f8a85af8ca1c937b8d4f847477bd282f80251cde as process 81
2025-10-05 17:11:08 0 [Note] InnoDB: The first innodb_system data file 'ibdata1' did not exist. A new tablespace will be created!
2025-10-05 17:11:08 0 [Note] InnoDB: Uses event mutexes
2025-10-05 17:11:08 0 [Note] InnoDB: Compressed tables use zlib 1.2.12
2025-10-05 17:11:08 0 [Note] InnoDB: Number of pools: 1
2025-10-05 17:11:08 0 [Note] InnoDB: Using crc32 + pclmulqdq instructions
2025-10-05 17:11:08 0 [Note] InnoDB: Using Linux native AIO
2025-10-05 17:11:08 0 [Note] InnoDB: Initializing buffer pool, total size = 134217728, chunk size = 134217728
2025-10-05 17:11:08 0 [Note] InnoDB: Completed initialization of buffer pool
2025-10-05 17:11:08 0 [Note] InnoDB: Setting file './ibdata1' size to 12 MB. Physically writing the file full; Please wait ...
2025-10-05 17:11:08 0 [Note] InnoDB: File './ibdata1' size is now 12 MB.
2025-10-05 17:11:08 0 [Note] InnoDB: Setting log file ./ib_logfile101 size to 100663296 bytes
2025-10-05 17:11:08 0 [Note] InnoDB: Renaming log file ./ib_logfile101 to ./ib_logfile0
2025-10-05 17:11:08 0 [Note] InnoDB: New log file created, LSN=10317
2025-10-05 17:11:08 0 [Note] InnoDB: Doublewrite buffer not found: creating new
2025-10-05 17:11:08 0 [Note] InnoDB: Doublewrite buffer created
2025-10-05 17:11:08 0 [Note] InnoDB: 128 rollback segments are active.
2025-10-05 17:11:08 0 [Note] InnoDB: Creating foreign key constraint system tables.
2025-10-05 17:11:08 0 [Note] InnoDB: Creating tablespace and datafile system tables.
2025-10-05 17:11:08 0 [Note] InnoDB: Creating sys_virtual system tables.
2025-10-05 17:11:08 0 [Note] InnoDB: Creating shared tablespace for temporary tables
2025-10-05 17:11:08 0 [Note] InnoDB: Setting file './ibtmp1' size to 12 MB. Physically writing the file full; Please wait ...
2025-10-05 17:11:08 0 [Note] InnoDB: File './ibtmp1' size is now 12 MB.
2025-10-05 17:11:08 0 [Note] InnoDB: 10.5.19 started; log sequence number 0; transaction id 7
2025-10-05 17:11:08 0 [Note] Plugin 'FEEDBACK' is disabled.
2025-10-05 17:11:08 0 [ERROR] Could not open mysql.plugin table: "Table 'mysql.plugin' doesn't exist". Some plugins may be not loaded
2025-10-05 17:11:08 0 [ERROR] Can't open and lock privilege tables: Table 'mysql.servers' doesn't exist
2025-10-05 17:11:08 0 [Note] Server socket created on IP: '0.0.0.0'.
2025-10-05 17:11:08 0 [ERROR] Fatal error: Can't open and lock privilege tables: Table 'mysql.db' doesn't exist
2025-10-05 17:11:08 0 [ERROR] Aborting
